SF:lib\app\shared\app_vars.dart
DA:9,2
DA:22,0
DA:24,0
DA:25,0
DA:28,0
DA:29,0
DA:32,0
DA:33,0
DA:36,0
DA:37,0
DA:43,0
DA:48,0
DA:49,0
DA:55,0
DA:59,0
DA:63,0
DA:67,0
LF:17
LH:1
end_of_record
SF:lib\app\ui\myapp.dart
DA:14,4
DA:19,2
DA:21,2
DA:23,2
DA:25,2
LF:5
LH:5
end_of_record
SF:lib\app\ui\screens\home\myhomepage.dart
DA:12,2
DA:13,2
DA:30,2
DA:31,2
DA:37,2
DA:38,4
DA:44,4
DA:48,2
DA:56,2
DA:57,2
DA:60,6
DA:63,2
DA:66,2
DA:82,2
DA:83,2
DA:87,2
DA:88,4
DA:89,6
DA:94,2
DA:95,2
LF:20
LH:20
end_of_record
SF:lib\app\shared\my_app_textstyles.dart
DA:22,6
DA:23,2
DA:24,2
DA:25,2
DA:26,2
DA:27,2
DA:28,2
DA:29,2
DA:30,2
DA:31,2
DA:32,2
DA:33,2
DA:34,2
DA:35,2
DA:38,6
DA:39,2
DA:42,4
DA:43,4
DA:47,2
DA:55,6
DA:56,2
DA:59,4
DA:60,4
DA:64,2
DA:72,6
DA:73,2
DA:76,4
DA:77,4
DA:89,6
DA:90,2
DA:93,4
DA:94,4
DA:106,6
DA:107,2
DA:110,4
DA:111,4
DA:123,6
DA:124,2
DA:127,4
DA:128,4
DA:140,6
DA:141,2
DA:144,4
DA:145,4
DA:157,6
DA:158,2
DA:161,4
DA:162,4
DA:173,6
DA:174,2
DA:177,4
DA:178,4
DA:190,6
DA:191,2
DA:194,4
DA:195,4
DA:207,6
DA:208,2
DA:211,4
DA:212,4
DA:224,6
DA:225,2
DA:228,4
DA:229,4
DA:241,6
DA:242,2
DA:245,4
DA:246,4
DA:258,0
DA:260,0
DA:262,0
DA:264,0
DA:266,0
DA:268,0
DA:270,0
DA:272,0
DA:274,0
DA:276,0
DA:278,0
DA:280,0
DA:282,0
DA:284,0
DA:286,0
DA:288,0
DA:290,0
DA:292,0
DA:294,0
DA:296,0
LF:88
LH:68
end_of_record
SF:lib\app\shared\my_color_schemes.dart
DA:41,4
DA:49,4
DA:57,4
DA:65,4
DA:73,6
DA:74,2
DA:75,2
DA:76,2
DA:77,2
LF:9
LH:9
end_of_record
SF:lib\app\shared\my_material_theme_data.dart
DA:15,4
DA:16,4
DA:18,2
DA:56,0
LF:4
LH:3
end_of_record
