SF:lib\app\shared\app_vars.dart
DA:9,2
DA:22,0
DA:24,0
DA:25,0
DA:28,0
DA:29,0
DA:32,0
DA:33,0
DA:36,0
DA:37,0
DA:43,0
DA:48,0
DA:49,0
DA:55,0
DA:59,0
DA:63,0
DA:67,0
LF:17
LH:1
end_of_record
SF:lib\app\ui\myapp.dart
DA:15,4
DA:20,2
DA:22,2
DA:24,2
DA:26,2
LF:5
LH:5
end_of_record
SF:lib\app\ui\screens\home\myhomepage.dart
DA:13,2
DA:14,2
DA:31,2
DA:32,2
DA:38,2
DA:39,4
DA:45,4
DA:49,2
DA:57,2
DA:58,2
DA:61,6
DA:64,2
DA:67,2
DA:83,2
DA:84,2
DA:88,2
DA:89,4
DA:90,6
DA:95,2
DA:96,2
LF:20
LH:20
end_of_record
SF:lib\app\shared\my_app_textstyles.dart
DA:23,6
DA:24,2
DA:25,2
DA:26,2
DA:27,2
DA:28,2
DA:29,2
DA:30,2
DA:31,2
DA:32,2
DA:33,2
DA:34,2
DA:35,2
DA:36,2
DA:39,6
DA:40,2
DA:43,4
DA:44,4
DA:48,2
DA:56,6
DA:57,2
DA:60,4
DA:61,4
DA:65,2
DA:73,6
DA:74,2
DA:77,4
DA:78,4
DA:90,6
DA:91,2
DA:94,4
DA:95,4
DA:107,6
DA:108,2
DA:111,4
DA:112,4
DA:124,6
DA:125,2
DA:128,4
DA:129,4
DA:141,6
DA:142,2
DA:145,4
DA:146,4
DA:158,6
DA:159,2
DA:162,4
DA:163,4
DA:174,6
DA:175,2
DA:178,4
DA:179,4
DA:191,6
DA:192,2
DA:195,4
DA:196,4
DA:208,6
DA:209,2
DA:212,4
DA:213,4
DA:225,6
DA:226,2
DA:229,4
DA:230,4
DA:242,6
DA:243,2
DA:246,4
DA:247,4
DA:259,0
DA:261,0
DA:263,0
DA:265,0
DA:267,0
DA:269,0
DA:271,0
DA:273,0
DA:275,0
DA:277,0
DA:279,0
DA:281,0
DA:283,0
DA:285,0
DA:287,0
DA:289,0
DA:291,0
DA:293,0
DA:295,0
DA:297,0
LF:88
LH:68
end_of_record
SF:lib\app\shared\my_color_schemes.dart
DA:41,4
DA:49,4
DA:57,4
DA:65,4
DA:73,6
DA:74,2
DA:75,2
DA:76,2
DA:77,2
LF:9
LH:9
end_of_record
SF:lib\app\shared\my_material_theme_data.dart
DA:16,4
DA:17,4
DA:19,2
DA:57,0
LF:4
LH:3
end_of_record
